<?xml version="1.0" encoding="UTF-8"?>
<!-- Generated by org.testng.reporters.JUnitReportReporter -->
<testsuite hostname="LAPTOP-E195QE2D" failures="0" tests="1" name="com.hrms.testscripts.TC001" time="12.578" errors="0" timestamp="2021-12-18T13:55:19 IST" skipped="0">
  <testcase classname="com.hrms.testscripts.TC001" name="tc001" time="12.578"/>
  <system-out>
    <![CDATA[Application Opened
Title not matched
OrangeHRM - New Level of HR Management
Login Completed
Title matched
Logout completed
Application closed]]>
  </system-out>
</testsuite> <!-- com.hrms.testscripts.TC001 -->
